Flutter crash report; please file at https://github.com/flutter/flutter/issues.

## command

flutter build bundle --target F:\work\code\susao_deliver_app\lib\main.dart --target-platform android-arm64 --filesystem-scheme org-dartlang-root --track-widget-creation --depfile F:\work\code\susao_deliver_app\build\app\intermediates\flutter\debug\android-arm64/snapshot_blob.bin.d --asset-dir F:\work\code\susao_deliver_app\build\app\intermediates\flutter\debug\android-arm64/flutter_assets --debug

## exception

FileSystemException: FileSystemException: Deletion failed, path = 'F:\work\code\susao_deliver_app\build\app\intermediates\flutter\debug\android-arm64/flutter_assets' (OS Error: 目录不是空的。
, errno = 145)

```
#0      _Directory._deleteSync (dart:io/directory_impl.dart:206:7)
#1      FileSystemEntity.deleteSync (dart:io/file_system_entity.dart:464:47)
#2      ForwardingFileSystemEntity.deleteSync (package:file/src/forwarding/forwarding_file_system_entity.dart:72:16)
#3      writeBundle (package:flutter_tools/src/bundle.dart:181:15)
<asynchronous suspension>
#4      assemble (package:flutter_tools/src/bundle.dart:172:9)
<asynchronous suspension>
#5      BundleBuilder.build (package:flutter_tools/src/bundle.dart:115:11)
<asynchronous suspension>
#6      BuildBundleCommand.runCommand (package:flutter_tools/src/commands/build_bundle.dart:119:25)
<asynchronous suspension>
#7      FlutterCommand.verifyThenRunCommand (package:flutter_tools/src/runner/flutter_command.dart:490:18)
<asynchronous suspension>
#8      FlutterCommand.run.<anonymous closure> (package:flutter_tools/src/runner/flutter_command.dart:407:33)
<asynchronous suspension>
#9      AppContext.run.<anonymous closure> (package:flutter_tools/src/base/context.dart:154:29)
<asynchronous suspension>
#10     _rootRun (dart:async/zone.dart:1124:13)
#11     _CustomZone.run (dart:async/zone.dart:1021:19)
#12     _runZoned (dart:async/zone.dart:1516:10)
#13     runZoned (dart:async/zone.dart:1463:12)
#14     AppContext.run (package:flutter_tools/src/base/context.dart:153:18)
<asynchronous suspension>
#15     FlutterCommand.run (package:flutter_tools/src/runner/flutter_command.dart:397:20)
#16     CommandRunner.runCommand (package:args/command_runner.dart:197:27)
<asynchronous suspension>
#17     FlutterCommandRunner.runCommand.<anonymous closure> (package:flutter_tools/src/runner/flutter_command_runner.dart:402:21)
<asynchronous suspension>
#18     AppContext.run.<anonymous closure> (package:flutter_tools/src/base/context.dart:154:29)
<asynchronous suspension>
#19     _rootRun (dart:async/zone.dart:1124:13)
#20     _CustomZone.run (dart:async/zone.dart:1021:19)
#21     _runZoned (dart:async/zone.dart:1516:10)
#22     runZoned (dart:async/zone.dart:1463:12)
#23     AppContext.run (package:flutter_tools/src/base/context.dart:153:18)
<asynchronous suspension>
#24     FlutterCommandRunner.runCommand (package:flutter_tools/src/runner/flutter_command_runner.dart:356:19)
<asynchronous suspension>
#25     CommandRunner.run.<anonymous closure> (package:args/command_runner.dart:112:25)
#26     new Future.sync (dart:async/future.dart:224:31)
#27     CommandRunner.run (package:args/command_runner.dart:112:14)
#28     FlutterCommandRunner.run (package:flutter_tools/src/runner/flutter_command_runner.dart:242:18)
#29     run.<anonymous closure>.<anonymous closure> (package:flutter_tools/runner.dart:63:22)
<asynchronous suspension>
#30     _rootRun (dart:async/zone.dart:1124:13)
#31     _CustomZone.run (dart:async/zone.dart:1021:19)
#32     _runZoned (dart:async/zone.dart:1516:10)
#33     runZoned (dart:async/zone.dart:1500:12)
#34     run.<anonymous closure> (package:flutter_tools/runner.dart:61:18)
<asynchronous suspension>
#35     AppContext.run.<anonymous closure> (package:flutter_tools/src/base/context.dart:154:29)
<asynchronous suspension>
#36     _rootRun (dart:async/zone.dart:1124:13)
#37     _CustomZone.run (dart:async/zone.dart:1021:19)
#38     _runZoned (dart:async/zone.dart:1516:10)
#39     runZoned (dart:async/zone.dart:1463:12)
#40     AppContext.run (package:flutter_tools/src/base/context.dart:153:18)
<asynchronous suspension>
#41     runInContext (package:flutter_tools/src/context_runner.dart:59:24)
<asynchronous suspension>
#42     run (package:flutter_tools/runner.dart:50:10)
#43     main (package:flutter_tools/executable.dart:65:9)
<asynchronous suspension>
#44     main (file:///C:/b/s/w/ir/k/archive/flutter/packages/flutter_tools/bin/flutter_tools.dart:8:3)
#45     _startIsolate.<anonymous closure> (dart:isolate-patch/isolate_patch.dart:303:32)
#46     _RawReceivePortImpl._handleMessage (dart:isolate-patch/isolate_patch.dart:172:12)
```

## flutter doctor

```
[✓] Flutter (Channel stable, v1.9.1+hotfix.4, on Microsoft Windows [Version 6.1.7601], locale zh-CN)
    • Flutter version 1.9.1+hotfix.4 at F:\Programs\flutter
    • Framework revision cc949a8e8b (8 weeks ago), 2019-09-27 15:04:59 -0700
    • Engine revision b863200c37
    • Dart version 2.5.0

[!] Android toolchain - develop for Android devices (Android SDK version 28.0.3)
    • Android SDK at F:\Android\sdk
    • Android NDK location not configured (optional; useful for native profiling support)
    • Platform android-29, build-tools 28.0.3
    • ANDROID_HOME = F:\Android\sdk
    • Java binary at: F:\Android\Program\AndroidStudio\jre\bin\java
    • Java version OpenJDK Runtime Environment (build 1.8.0_152-release-1136-b06)
    ! Some Android licenses not accepted.  To resolve this, run: flutter doctor --android-licenses

[✓] Android Studio (version 3.2)
    • Android Studio at F:\Android\Program\AndroidStudio
    • Flutter plugin version 31.3.1
    • Dart plugin version 181.5656
    • Java version OpenJDK Runtime Environment (build 1.8.0_152-release-1136-b06)

[✓] Connected device (1 available)
    • Mi 4c • 31c5a632 • android-arm64 • Android 7.0 (API 24)

! Doctor found issues in 1 category.
```
